{"level":"info","message":"Hello there !","service":"exequias-api","timestamp":"2025-11-14T16:33:33.261Z"}
{"level":"info","message":"::1 - - [14/Nov/2025:16:33:33 +0000] \"GET / HTTP/1.1\" 200 6403 \"-\" \"Mozilla/5.0 (Windows NT 10.0; Win64; x64) AppleWebKit/537.36 (KHTML, like Gecko) Chrome/137.0.0.0 Safari/537.36\"","service":"exequias-api","timestamp":"2025-11-14T16:33:33.360Z"}
{"level":"info","message":"Hello from Exequias API !","service":"exequias-api","timestamp":"2025-11-15T06:35:56.649Z"}
{"level":"info","message":"::1 - - [15/Nov/2025:06:35:56 +0000] \"GET / HTTP/1.1\" 200 6403 \"-\" \"HTTPie\"","service":"exequias-api","timestamp":"2025-11-15T06:35:56.668Z"}
{"level":"info","message":"Hello from Exequias API !","service":"exequias-api","timestamp":"2025-11-15T06:37:51.350Z"}
{"level":"info","message":"::1 - - [15/Nov/2025:06:37:51 +0000] \"GET / HTTP/1.1\" 200 23 \"-\" \"HTTPie\"","service":"exequias-api","timestamp":"2025-11-15T06:37:51.364Z"}
{"level":"info","message":"Hello from Exequias API !","service":"exequias-api","timestamp":"2025-11-15T06:38:16.801Z"}
{"level":"info","message":"::1 - - [15/Nov/2025:06:38:16 +0000] \"GET / HTTP/1.1\" 200 23 \"-\" \"Mozilla/5.0 (Windows NT 10.0; Win64; x64) AppleWebKit/537.36 (KHTML, like Gecko) Chrome/137.0.0.0 Safari/537.36\"","service":"exequias-api","timestamp":"2025-11-15T06:38:16.806Z"}
{"level":"info","message":"Hello from Exequias API !","service":"exequias-api","timestamp":"2025-11-15T06:39:33.558Z"}
{"level":"info","message":"::1 - - [15/Nov/2025:06:39:33 +0000] \"GET / HTTP/1.1\" 200 6403 \"-\" \"HTTPie\"","service":"exequias-api","timestamp":"2025-11-15T06:39:33.572Z"}
{"level":"info","message":"::1 - - [15/Nov/2025:06:39:54 +0000] \"GET /api HTTP/1.1\" 200 38 \"-\" \"HTTPie\"","service":"exequias-api","timestamp":"2025-11-15T06:39:54.435Z"}
{"level":"info","message":"::1 - - [15/Nov/2025:06:40:00 +0000] \"GET /health HTTP/1.1\" 200 74 \"-\" \"HTTPie\"","service":"exequias-api","timestamp":"2025-11-15T06:40:00.702Z"}
{"level":"info","message":"::1 - - [15/Nov/2025:06:40:26 +0000] \"GET /api/auth/sign-in HTTP/1.1\" 404 155 \"-\" \"HTTPie\"","service":"exequias-api","timestamp":"2025-11-15T06:40:26.760Z"}
{"level":"info","message":"::1 - - [15/Nov/2025:06:41:36 +0000] \"POST /api/auth/sign-in HTTP/1.1\" 200 31 \"-\" \"HTTPie\"","service":"exequias-api","timestamp":"2025-11-15T06:41:36.715Z"}
{"level":"info","message":"::1 - - [15/Nov/2025:06:41:42 +0000] \"POST /api/auth/sign-up HTTP/1.1\" 200 31 \"-\" \"HTTPie\"","service":"exequias-api","timestamp":"2025-11-15T06:41:42.636Z"}
{"level":"info","message":"::1 - - [15/Nov/2025:06:41:48 +0000] \"POST /api/auth/sign-out HTTP/1.1\" 200 32 \"-\" \"HTTPie\"","service":"exequias-api","timestamp":"2025-11-15T06:41:48.653Z"}
{"level":"info","message":"Hello from Exequias API !","service":"exequias-api","timestamp":"2025-11-15T08:24:06.544Z"}
{"level":"info","message":"::1 - - [15/Nov/2025:08:24:06 +0000] \"GET / HTTP/1.1\" 200 6403 \"-\" \"HTTPie\"","service":"exequias-api","timestamp":"2025-11-15T08:24:06.557Z"}
{"level":"info","message":"::1 - - [15/Nov/2025:08:27:42 +0000] \"POST /api/auth/sign-up HTTP/1.1\" 200 31 \"-\" \"HTTPie\"","service":"exequias-api","timestamp":"2025-11-15T08:27:42.564Z"}
{"level":"info","message":"::1 - - [15/Nov/2025:08:31:20 +0000] \"POST /api/auth/sign-up?name=John+DOE&email=john.doe%40gmail.com&password=somepassword HTTP/1.1\" 400 201 \"-\" \"HTTPie\"","service":"exequias-api","timestamp":"2025-11-15T08:31:20.474Z"}
{"level":"info","message":"::1 - - [15/Nov/2025:08:33:31 +0000] \"POST /api/auth/sign-up?name=John+DOE&email=john.doe%40gmail.com&password=somepassword HTTP/1.1\" 400 201 \"-\" \"HTTPie\"","service":"exequias-api","timestamp":"2025-11-15T08:33:31.981Z"}
{"level":"info","message":"Nouvel utilisateur inscrit : John DOE (john.doe@gmail.com)","service":"exequias-api","timestamp":"2025-11-15T08:34:47.219Z"}
{"level":"info","message":"::1 - - [15/Nov/2025:08:34:47 +0000] \"POST /api/auth/sign-up HTTP/1.1\" 201 116 \"-\" \"HTTPie\"","service":"exequias-api","timestamp":"2025-11-15T08:34:47.221Z"}
{"level":"error","message":"Erreur lors de l'inscription de l'utilisateur admin@test.com : TypeError: db.select is not a function","service":"exequias-api","timestamp":"2025-11-15T09:17:56.564Z"}
{"level":"error","message":"Erreur lors de l'inscription Erreur lors de l'inscription de l'utilisateur","service":"exequias-api","stack":"Error: Erreur lors de l'inscription de l'utilisateur\n    at createUser (file:///C:/Users/ukisu/Documents/JSM/__NewProjects/exequias-api/src/services/auth.service.js:52:11)\n    at signup (file:///C:/Users/ukisu/Documents/JSM/__NewProjects/exequias-api/src/controllers/auth.controller.js:30:27)\n    at Layer.handleRequest (C:\\Users\\ukisu\\Documents\\JSM\\__NewProjects\\exequias-api\\node_modules\\router\\lib\\layer.js:152:17)\n    at next (C:\\Users\\ukisu\\Documents\\JSM\\__NewProjects\\exequias-api\\node_modules\\router\\lib\\route.js:157:13)\n    at Route.dispatch (C:\\Users\\ukisu\\Documents\\JSM\\__NewProjects\\exequias-api\\node_modules\\router\\lib\\route.js:117:3)\n    at handle (C:\\Users\\ukisu\\Documents\\JSM\\__NewProjects\\exequias-api\\node_modules\\router\\index.js:435:11)\n    at Layer.handleRequest (C:\\Users\\ukisu\\Documents\\JSM\\__NewProjects\\exequias-api\\node_modules\\router\\lib\\layer.js:152:17)\n    at C:\\Users\\ukisu\\Documents\\JSM\\__NewProjects\\exequias-api\\node_modules\\router\\index.js:295:15\n    at processParams (C:\\Users\\ukisu\\Documents\\JSM\\__NewProjects\\exequias-api\\node_modules\\router\\index.js:582:12)\n    at next (C:\\Users\\ukisu\\Documents\\JSM\\__NewProjects\\exequias-api\\node_modules\\router\\index.js:291:5)","timestamp":"2025-11-15T09:17:56.571Z"}
{"level":"info","message":"::1 - - [15/Nov/2025:09:17:56 +0000] \"POST /api/auth/sign-up HTTP/1.1\" 500 1463 \"-\" \"HTTPie\"","service":"exequias-api","timestamp":"2025-11-15T09:17:56.577Z"}
{"level":"info","message":"Nouvelle inscription de l'utilisateur admin@test.com","service":"exequias-api","timestamp":"2025-11-15T09:20:48.119Z"}
{"level":"info","message":"Nouvel utilisateur inscrit : Ulquiorra (admin@test.com)","service":"exequias-api","timestamp":"2025-11-15T09:20:48.129Z"}
{"level":"info","message":"::1 - - [15/Nov/2025:09:20:48 +0000] \"POST /api/auth/sign-up HTTP/1.1\" 201 121 \"-\" \"HTTPie\"","service":"exequias-api","timestamp":"2025-11-15T09:20:48.134Z"}
{"level":"info","message":"::1 - - [15/Nov/2025:09:23:05 +0000] \"POST /api/auth/sign-up HTTP/1.1\" 400 68 \"-\" \"HTTPie\"","service":"exequias-api","timestamp":"2025-11-15T09:23:05.138Z"}
{"level":"info","message":"Nouvelle inscription de l'utilisateur coyote@starrk.com","service":"exequias-api","timestamp":"2025-11-15T09:24:00.747Z"}
{"level":"info","message":"Nouvel utilisateur inscrit : Coyote Starrk (coyote@starrk.com)","service":"exequias-api","timestamp":"2025-11-15T09:24:00.749Z"}
{"level":"info","message":"::1 - - [15/Nov/2025:09:24:00 +0000] \"POST /api/auth/sign-up HTTP/1.1\" 201 127 \"-\" \"HTTPie\"","service":"exequias-api","timestamp":"2025-11-15T09:24:00.751Z"}
{"level":"info","message":"::1 - - [16/Nov/2025:04:17:11 +0000] \"POST /api/sign-in HTTP/1.1\" 404 151 \"-\" \"HTTPie\"","service":"exequias-api","timestamp":"2025-11-16T04:17:11.783Z"}
{"level":"info","message":"Authentification réussie pour l'utilisateur admin@test.com","service":"exequias-api","timestamp":"2025-11-16T04:19:14.144Z"}
{"level":"info","message":"Utilisateur connecté : admin@test.com","service":"exequias-api","timestamp":"2025-11-16T04:19:14.153Z"}
{"level":"info","message":"::1 - - [16/Nov/2025:04:19:14 +0000] \"POST /api/auth/sign-in HTTP/1.1\" 200 107 \"-\" \"HTTPie\"","service":"exequias-api","timestamp":"2025-11-16T04:19:14.161Z"}
{"level":"info","message":"Aucun token trouvé lors de la déconnexion","service":"exequias-api","timestamp":"2025-11-16T04:20:34.192Z"}
{"level":"info","message":"::1 - - [16/Nov/2025:04:20:34 +0000] \"POST /api/auth/sign-out HTTP/1.1\" 200 35 \"-\" \"HTTPie\"","service":"exequias-api","timestamp":"2025-11-16T04:20:34.195Z"}
{"level":"info","message":"Arcjet middleware decision : [object Object]","service":"exequias-api","timestamp":"2025-11-16T05:17:31.749Z"}
{"level":"info","message":"::1 - - [16/Nov/2025:05:17:31 +0000] \"GET /health HTTP/1.1\" 200 75 \"-\" \"HTTPie\"","service":"exequias-api","timestamp":"2025-11-16T05:17:31.768Z"}
{"level":"info","message":"Arcjet middleware decision : [object Object]","service":"exequias-api","timestamp":"2025-11-16T05:18:28.653Z"}
{"level":"info","message":"::1 - - [16/Nov/2025:05:18:28 +0000] \"GET /health HTTP/1.1\" 200 75 \"-\" \"HTTPie\"","service":"exequias-api","timestamp":"2025-11-16T05:18:28.660Z"}
{"level":"info","message":"Arcjet middleware decision : [object Object]","service":"exequias-api","timestamp":"2025-11-16T05:18:29.558Z"}
{"level":"info","message":"::1 - - [16/Nov/2025:05:18:29 +0000] \"GET /health HTTP/1.1\" 200 75 \"-\" \"HTTPie\"","service":"exequias-api","timestamp":"2025-11-16T05:18:29.586Z"}
{"level":"info","message":"Arcjet middleware decision : [object Object]","service":"exequias-api","timestamp":"2025-11-16T05:18:30.306Z"}
{"level":"info","message":"::1 - - [16/Nov/2025:05:18:30 +0000] \"GET /health HTTP/1.1\" 200 75 \"-\" \"HTTPie\"","service":"exequias-api","timestamp":"2025-11-16T05:18:30.308Z"}
{"level":"info","message":"Arcjet middleware decision : [object Object]","service":"exequias-api","timestamp":"2025-11-16T05:18:30.974Z"}
{"level":"info","message":"::1 - - [16/Nov/2025:05:18:30 +0000] \"GET /health HTTP/1.1\" 200 75 \"-\" \"HTTPie\"","service":"exequias-api","timestamp":"2025-11-16T05:18:30.977Z"}
{"level":"info","message":"Arcjet middleware decision : [object Object]","service":"exequias-api","timestamp":"2025-11-16T05:18:31.642Z"}
{"level":"info","message":"::1 - - [16/Nov/2025:05:18:31 +0000] \"GET /health HTTP/1.1\" 200 75 \"-\" \"HTTPie\"","service":"exequias-api","timestamp":"2025-11-16T05:18:31.645Z"}
{"level":"info","message":"Arcjet middleware decision : [object Object]","service":"exequias-api","timestamp":"2025-11-16T05:18:32.267Z"}
{"level":"info","message":"::1 - - [16/Nov/2025:05:18:32 +0000] \"GET /health HTTP/1.1\" 200 74 \"-\" \"HTTPie\"","service":"exequias-api","timestamp":"2025-11-16T05:18:32.270Z"}
{"level":"info","message":"Arcjet middleware decision : [object Object]","service":"exequias-api","timestamp":"2025-11-16T05:18:32.928Z"}
{"level":"info","message":"::1 - - [16/Nov/2025:05:18:32 +0000] \"GET /health HTTP/1.1\" 200 75 \"-\" \"HTTPie\"","service":"exequias-api","timestamp":"2025-11-16T05:18:32.930Z"}
{"level":"info","message":"Arcjet middleware decision : [object Object]","service":"exequias-api","timestamp":"2025-11-16T05:18:33.556Z"}
{"level":"info","message":"::1 - - [16/Nov/2025:05:18:33 +0000] \"GET /health HTTP/1.1\" 200 75 \"-\" \"HTTPie\"","service":"exequias-api","timestamp":"2025-11-16T05:18:33.561Z"}
{"level":"info","message":"Arcjet middleware decision : [object Object]","service":"exequias-api","timestamp":"2025-11-16T05:18:34.199Z"}
{"level":"info","message":"::1 - - [16/Nov/2025:05:18:34 +0000] \"GET /health HTTP/1.1\" 200 75 \"-\" \"HTTPie\"","service":"exequias-api","timestamp":"2025-11-16T05:18:34.208Z"}
{"level":"info","message":"Arcjet middleware decision : [object Object]","service":"exequias-api","timestamp":"2025-11-16T05:18:34.845Z"}
{"level":"info","message":"::1 - - [16/Nov/2025:05:18:34 +0000] \"GET /health HTTP/1.1\" 200 74 \"-\" \"HTTPie\"","service":"exequias-api","timestamp":"2025-11-16T05:18:34.850Z"}
{"level":"info","message":"Arcjet middleware decision : [object Object]","service":"exequias-api","timestamp":"2025-11-16T05:18:35.618Z"}
{"ip":"::1","level":"warn","message":"Rate limit request detected.","path":"/health","service":"exequias-api","timestamp":"2025-11-16T05:18:35.619Z","userAgent":"HTTPie"}
{"level":"info","message":"::1 - - [16/Nov/2025:05:18:35 +0000] \"GET /health HTTP/1.1\" 200 76 \"-\" \"HTTPie\"","service":"exequias-api","timestamp":"2025-11-16T05:18:35.622Z"}
